"/Users/hoseinnahari/Library/Application Support/JetBrains/Toolbox/apps/CLion/ch-0/232.9559.58/CLion.app/Contents/bin/cmake/mac/bin/cmake" -S /Users/hoseinnahari/CLionProjects/AVR/keypad_7seg -B /Users/hoseinnahari/CLionProjects/AVR/keypad_7seg/cmake-build-default-avr
CMake Deprecation Warning at CMakeLists.txt:1 (CMAKE_MINIMUM_REQUIRED):
  Compatibility with CMake < 2.8.12 will be removed from a future version of
  CMake.

  Update the VERSION argument <min> value or use a ...<max> suffix to tell
  CMake that the project does not need compatibility with older versions.


-- The C compiler identification is AppleClang 15.0.0.15000040
-- The CXX compiler identification is AppleClang 15.0.0.15000040
-- Detecting C compiler ABI info
-- Detecting C compiler ABI info - failed
-- Check for working C compiler: /Applications/Xcode.app/Contents/Developer/Toolchains/XcodeDefault.xctoolchain/usr/bin/cc
-- Check for working C compiler: /Applications/Xcode.app/Contents/Developer/Toolchains/XcodeDefault.xctoolchain/usr/bin/cc - broken
CMake Error at /Users/hoseinnahari/Library/Application Support/JetBrains/Toolbox/apps/CLion/ch-0/232.9559.58/CLion.app/Contents/bin/cmake/mac/share/cmake-3.26/Modules/CMakeTestCCompiler.cmake:67 (message):
  The C compiler

    "/Applications/Xcode.app/Contents/Developer/Toolchains/XcodeDefault.xctoolchain/usr/bin/cc"

  is not able to compile a simple test program.

  It fails with the following output:

    Change Dir: /Users/hoseinnahari/CLionProjects/AVR/keypad_7seg/cmake-build-default-avr/CMakeFiles/CMakeScratch/TryCompile-Ul4uGk
    
    Run Build Command(s):/Users/hoseinnahari/Library/Application Support/JetBrains/Toolbox/apps/CLion/ch-0/232.9559.58/CLion.app/Contents/bin/cmake/mac/bin/cmake -E env VERBOSE=1 /usr/bin/make -f Makefile cmTC_89322/fast && /Applications/Xcode.app/Contents/Developer/usr/bin/make  -f CMakeFiles/cmTC_89322.dir/build.make CMakeFiles/cmTC_89322.dir/build
    Building C object CMakeFiles/cmTC_89322.dir/testCCompiler.c.obj
    /Applications/Xcode.app/Contents/Developer/Toolchains/XcodeDefault.xctoolchain/usr/bin/cc   -fcolor-diagnostics -MD -MT CMakeFiles/cmTC_89322.dir/testCCompiler.c.obj -MF CMakeFiles/cmTC_89322.dir/testCCompiler.c.obj.d -o CMakeFiles/cmTC_89322.dir/testCCompiler.c.obj -c /Users/hoseinnahari/CLionProjects/AVR/keypad_7seg/cmake-build-default-avr/CMakeFiles/CMakeScratch/TryCompile-Ul4uGk/testCCompiler.c
    Linking C executable cmTC_89322
    "/Users/hoseinnahari/Library/Application Support/JetBrains/Toolbox/apps/CLion/ch-0/232.9559.58/CLion.app/Contents/bin/cmake/mac/bin/cmake" -E cmake_link_script CMakeFiles/cmTC_89322.dir/link.txt --verbose=1
    /Applications/Xcode.app/Contents/Developer/Toolchains/XcodeDefault.xctoolchain/usr/bin/cc CMakeFiles/cmTC_89322.dir/testCCompiler.c.obj -o cmTC_89322 
    ld: library 'System' not found
    clang: error: linker command failed with exit code 1 (use -v to see invocation)
    make[1]: *** [cmTC_89322] Error 1
    make: *** [cmTC_89322/fast] Error 2
    
    

  

  CMake will not be able to correctly generate this project.
Call Stack (most recent call first):
  CMakeLists.txt:4 (PROJECT)


-- Configuring incomplete, errors occurred!
